<?xml version="1.0" encoding="UTF-8"?>
<!-- Generated by org.testng.reporters.JUnitReportReporter -->
<testsuite hostname="DESKTOP-EOV6DE2" failures="0" tests="1" name="reports.OrgTypeAndIndustryReport" time="10.004" errors="0" timestamp="2023-07-03T22:09:16 IST" skipped="0">
  <testcase classname="reports.OrgTypeAndIndustryReport" name="organizationcreating" time="10.004"/>
  <system-out/>
</testsuite> <!-- reports.OrgTypeAndIndustryReport -->
