<?xml version="1.0" encoding="UTF-8"?>
<!-- Generated by org.testng.reporters.JUnitReportReporter -->
<testsuite hostname="DESKTOP-EOV6DE2" failures="0" tests="1" name="vtiger.OrganizationWithTypeAndIndustry" time="16.891" errors="0" timestamp="2023-07-03T11:33:37 IST" skipped="0">
  <testcase classname="vtiger.OrganizationWithTypeAndIndustry" name="organizationcreating" time="16.891"/>
  <system-out/>
</testsuite> <!-- vtiger.OrganizationWithTypeAndIndustry -->
