<?xml version="1.0" encoding="UTF-8"?>
<!-- Generated by org.testng.reporters.JUnitReportReporter -->
<testsuite hostname="DESKTOP-EOV6DE2" failures="0" tests="1" name="vtiger_crm.LoginToVtiger_Test" time="0.025" errors="0" timestamp="2023-07-04T20:51:18 IST" skipped="0">
  <testcase classname="vtiger_crm.LoginToVtiger_Test" name="validateLoginPage" time="0.025"/>
  <system-out/>
</testsuite> <!-- vtiger_crm.LoginToVtiger_Test -->
