<?xml version="1.0" encoding="UTF-8"?>
<!-- Generated by org.testng.reporters.JUnitReportReporter -->
<testsuite hostname="DESKTOP-EOV6DE2" failures="0" tests="3" name="vtiger.OrganizationWithTypeAndIndustryMultiple" time="44.112" errors="0" timestamp="2023-07-03T11:33:37 IST" skipped="0">
  <testcase classname="vtiger.OrganizationWithTypeAndIndustryMultiple" name="organizationcreatingTypeInustry" time="16.900"/>
  <system-out/>
  <testcase classname="vtiger.OrganizationWithTypeAndIndustryMultiple" name="organizationcreatingTypeInustry" time="14.159"/>
  <system-out/>
  <testcase classname="vtiger.OrganizationWithTypeAndIndustryMultiple" name="organizationcreatingTypeInustry" time="13.053"/>
  <system-out/>
</testsuite> <!-- vtiger.OrganizationWithTypeAndIndustryMultiple -->
