<?xml version="1.0" encoding="UTF-8"?>
<!-- Generated by org.testng.reporters.JUnitReportReporter -->
<testsuite hostname="DESKTOP-EOV6DE2" failures="0" tests="1" name="vtiger.CreateNewLead" time="19.771" errors="0" timestamp="2023-07-03T11:33:37 IST" skipped="0">
  <testcase classname="vtiger.CreateNewLead" name="newLead" time="19.771"/>
  <system-out/>
</testsuite> <!-- vtiger.CreateNewLead -->
