<?xml version="1.0" encoding="UTF-8"?>
<!-- Generated by org.testng.reporters.JUnitReportReporter -->
<testsuite hostname="DESKTOP-EOV6DE2" failures="0" tests="1" name="vtiger_crm.CreateNewContact" time="7.772" errors="0" timestamp="2023-07-03T20:12:19 IST" skipped="0">
  <testcase classname="vtiger_crm.CreateNewContact" name="newContact" time="7.772"/>
  <system-out/>
</testsuite> <!-- vtiger_crm.CreateNewContact -->
