<?xml version="1.0" encoding="UTF-8"?>
<!-- Generated by org.testng.reporters.JUnitReportReporter -->
<testsuite hostname="DESKTOP-EOV6DE2" failures="0" tests="1" name="reports.ContactReports" time="6.769" errors="0" timestamp="2023-07-03T17:48:49 IST" skipped="0">
  <testcase classname="reports.ContactReports" name="createContact" time="6.769"/>
  <system-out/>
</testsuite> <!-- reports.ContactReports -->
