<?xml version="1.0" encoding="UTF-8"?>
<!-- Generated by org.testng.reporters.JUnitReportReporter -->
<testsuite hostname="DESKTOP-EOV6DE2" failures="0" tests="1" name="vtiger.TC_01" time="3.056" errors="0" timestamp="2023-06-23T13:03:30 IST" skipped="0">
  <testcase classname="vtiger.TC_01" name="validateLoginPage" time="3.056"/>
  <system-out/>
</testsuite> <!-- vtiger.TC_01 -->
