<?xml version="1.0" encoding="UTF-8"?>
<!-- Generated by org.testng.reporters.JUnitReportReporter -->
<testsuite hostname="DESKTOP-EOV6DE2" failures="0" tests="1" name="vtiger_crm.CreateDuplicateLead_Test" time="18.290" errors="0" timestamp="2023-07-05T09:36:49 IST" skipped="0">
  <testcase classname="vtiger_crm.CreateDuplicateLead_Test" name="newLead" time="18.290"/>
  <system-out/>
</testsuite> <!-- vtiger_crm.CreateDuplicateLead_Test -->
