<?xml version="1.0" encoding="UTF-8"?>
<!-- Generated by org.testng.reporters.JUnitReportReporter -->
<testsuite hostname="DESKTOP-EOV6DE2" failures="0" tests="1" name="reports.DuplicateLeadReport" time="14.525" errors="0" timestamp="2023-07-03T20:57:26 IST" skipped="0">
  <testcase classname="reports.DuplicateLeadReport" name="newLead" time="14.525"/>
  <system-out/>
</testsuite> <!-- reports.DuplicateLeadReport -->
