<?xml version="1.0" encoding="UTF-8"?>
<!-- Generated by org.testng.reporters.JUnitReportReporter -->
<testsuite hostname="DESKTOP-EOV6DE2" failures="0" tests="1" name="reports.CreateNewLeadReports" time="10.853" errors="0" timestamp="2023-07-03T18:05:09 IST" skipped="0">
  <testcase classname="reports.CreateNewLeadReports" name="newLead" time="10.853"/>
  <system-out/>
</testsuite> <!-- reports.CreateNewLeadReports -->
