<?xml version="1.0" encoding="UTF-8"?>
<!-- Generated by org.testng.reporters.JUnitReportReporter -->
<testsuite hostname="DESKTOP-EOV6DE2" failures="0" tests="1" name="vtiger.CreateEventTC" time="30.093" errors="0" timestamp="2023-07-03T11:33:37 IST" skipped="0">
  <testcase classname="vtiger.CreateEventTC" name="ceateEvenetTestcase" time="30.093"/>
  <system-out/>
</testsuite> <!-- vtiger.CreateEventTC -->
